<?xml version="1.0" encoding="UTF-8"?>
<testsuite xmlns:xsi="http://www.w3.org/2001/XMLSchema-instance" xsi:noNamespaceSchemaLocation="https://maven.apache.org/surefire/maven-surefire-plugin/xsd/surefire-test-report-3.0.xsd" version="3.0" name="com.vehicleauctionsystem.apigateway.ApiGatewayApplicationTests" time="7.123" tests="1" errors="0" skipped="0" failures="0">
  <properties>
[...]
</properties>
  <testcase name="contextLoads" classname="com.vehicleauctionsystem.apigateway.ApiGatewayApplicationTests" time="1.117">
    <system-out><![CDATA[10:49:36.478 [main] INFO org.springframework.test.context.support.AnnotationConfigContextLoaderUtils -- Could not detect default configuration classes for test class [com.vehicleauctionsystem.apigateway.ApiGatewayApplicationTests]: ApiGatewayApplicationTests does not declare any static, non-private, non-final, nested classes annotated with @Configuration.
10:49:36.768 [main] INFO org.springframework.boot.test.context.SpringBootTestContextBootstrapper -- Found @SpringBootConfiguration com.vehicleauctionsystem.apigateway.ApiGatewayApplication for test class com.vehicleauctionsystem.apigateway.ApiGatewayApplicationTests

  .   ____          _            __ _ _
 /\\ / ___'_ __ _ _(_)_ __  __ _ \ \ \ \
( ( )\___ | '_ | '_| | '_ \/ _` | \ \ \ \
 \\/  ___)| |_)| | | | | || (_| |  ) ) ) )
  '  |____| .__|_| |_|_| |_\__, | / / / /
 =========|_|==============|___/=/_/_/_/
 :: Spring Boot ::                (v3.2.5)

2026-03-31T10:49:37.855+05:30  INFO 6820 --- [api-gateway] [           main] c.v.a.ApiGatewayApplicationTests         : Starting ApiGatewayApplicationTests using Java 25.0.2 with PID 6820 (started by Rivindu in C:\Users\Rivindu\IdeaProjects\vehicle-auction-microservices\api-gateway)
2026-03-31T10:49:37.858+05:30  INFO 6820 --- [api-gateway] [           main] c.v.a.ApiGatewayApplicationTests         : No active profile set, falling back to 1 default profile: "default"
2026-03-31T10:49:39.823+05:30  INFO 6820 --- [api-gateway] [           main] o.s.cloud.context.scope.GenericScope     : BeanFactory id=b635eb04-3692-3421-a75b-f2c569438538
2026-03-31T10:49:41.525+05:30  INFO 6820 --- [api-gateway] [           main] o.s.c.g.r.RouteDefinitionRouteLocator    : Loaded RoutePredicateFactory [After]
2026-03-31T10:49:41.526+05:30  INFO 6820 --- [api-gateway] [           main] o.s.c.g.r.RouteDefinitionRouteLocator    : Loaded RoutePredicateFactory [Before]
2026-03-31T10:49:41.526+05:30  INFO 6820 --- [api-gateway] [           main] o.s.c.g.r.RouteDefinitionRouteLocator    : Loaded RoutePredicateFactory [Between]
2026-03-31T10:49:41.526+05:30  INFO 6820 --- [api-gateway] [           main] o.s.c.g.r.RouteDefinitionRouteLocator    : Loaded RoutePredicateFactory [Cookie]
2026-03-31T10:49:41.526+05:30  INFO 6820 --- [api-gateway] [           main] o.s.c.g.r.RouteDefinitionRouteLocator    : Loaded RoutePredicateFactory [Header]
2026-03-31T10:49:41.526+05:30  INFO 6820 --- [api-gateway] [           main] o.s.c.g.r.RouteDefinitionRouteLocator    : Loaded RoutePredicateFactory [Host]
2026-03-31T10:49:41.526+05:30  INFO 6820 --- [api-gateway] [           main] o.s.c.g.r.RouteDefinitionRouteLocator    : Loaded RoutePredicateFactory [Method]
2026-03-31T10:49:41.527+05:30  INFO 6820 --- [api-gateway] [           main] o.s.c.g.r.RouteDefinitionRouteLocator    : Loaded RoutePredicateFactory [Path]
2026-03-31T10:49:41.527+05:30  INFO 6820 --- [api-gateway] [           main] o.s.c.g.r.RouteDefinitionRouteLocator    : Loaded RoutePredicateFactory [Query]
2026-03-31T10:49:41.527+05:30  INFO 6820 --- [api-gateway] [           main] o.s.c.g.r.RouteDefinitionRouteLocator    : Loaded RoutePredicateFactory [ReadBody]
2026-03-31T10:49:41.527+05:30  INFO 6820 --- [api-gateway] [           main] o.s.c.g.r.RouteDefinitionRouteLocator    : Loaded RoutePredicateFactory [RemoteAddr]
2026-03-31T10:49:41.527+05:30  INFO 6820 --- [api-gateway] [           main] o.s.c.g.r.RouteDefinitionRouteLocator    : Loaded RoutePredicateFactory [XForwardedRemoteAddr]
2026-03-31T10:49:41.528+05:30  INFO 6820 --- [api-gateway] [           main] o.s.c.g.r.RouteDefinitionRouteLocator    : Loaded RoutePredicateFactory [Weight]
2026-03-31T10:49:41.528+05:30  INFO 6820 --- [api-gateway] [           main] o.s.c.g.r.RouteDefinitionRouteLocator    : Loaded RoutePredicateFactory [CloudFoundryRouteService]
2026-03-31T10:49:42.154+05:30  INFO 6820 --- [api-gateway] [           main] c.v.a.ApiGatewayApplicationTests         : Started ApiGatewayApplicationTests in 5.104 seconds (process running for 7.053)
]]></system-out>
    <system-err><![CDATA[WARNING: A Java agent has been loaded dynamically (C:\Users\Rivindu\.m2\repository\net\bytebuddy\byte-buddy-agent\1.14.13\byte-buddy-agent-1.14.13.jar)
WARNING: If a serviceability tool is in use, please run with -XX:+EnableDynamicAgentLoading to hide this warning
WARNING: If a serviceability tool is not in use, please run with -Djdk.instrument.traceUsage for more information
WARNING: Dynamic loading of agents will be disallowed by default in a future release
]]></system-err>
  </testcase>
</testsuite>